<?xml version="1.0" encoding="UTF-8"?>
<!-- Generated by org.testng.reporters.JUnitReportReporter -->
<testsuite hostname="5CG5043BD4" name="testcases.EditLead" tests="1" failures="0" timestamp="3 Dec 2017 09:44:36 GMT" time="45.185" errors="0">
  <testcase name="editLead" time="45.185" classname="testcases.EditLead"/>
</testsuite> <!-- testcases.EditLead -->
