<?xml version="1.0" encoding="UTF-8"?>
<!-- Generated by org.testng.reporters.JUnitReportReporter -->
<testsuite hostname="5CG5043BD4" name="advanced.CreateLead" tests="3" failures="0" timestamp="8 Dec 2017 14:01:53 GMT" time="115.569" errors="0">
  <testcase name="createLead" time="31.344" classname="advanced.CreateLead"/>
  <testcase name="createLead" time="38.382" classname="advanced.CreateLead"/>
  <testcase name="createLead" time="45.843" classname="advanced.CreateLead"/>
</testsuite> <!-- advanced.CreateLead -->
