<?xml version="1.0" encoding="UTF-8"?>
<!-- Generated by org.testng.reporters.JUnitReportReporter -->
<testsuite hostname="5CG5043BD4" name="advanced.FindandDeleteLeads" tests="1" failures="0" timestamp="8 Dec 2017 15:41:55 GMT" time="26.937" errors="0">
  <testcase name="findAndDelete" time="26.937" classname="advanced.FindandDeleteLeads"/>
</testsuite> <!-- advanced.FindandDeleteLeads -->
