<?xml version="1.0" encoding="UTF-8"?>
<!-- Generated by org.testng.reporters.JUnitReportReporter -->
<testsuite hostname="5CG5043BD4" name="advanced.EditLead" tests="3" failures="0" timestamp="8 Dec 2017 14:04:56 GMT" time="131.456" errors="0">
  <testcase name="editLead" time="44.974" classname="advanced.EditLead"/>
  <testcase name="editLead" time="42.128" classname="advanced.EditLead"/>
  <testcase name="editLead" time="44.354" classname="advanced.EditLead"/>
</testsuite> <!-- advanced.EditLead -->
