<?xml version="1.0" encoding="UTF-8"?>
<!-- Generated by org.testng.reporters.JUnitReportReporter -->
<testsuite hostname="5CG5043BD4" name="advanced.MergeLeads" tests="1" failures="0" timestamp="8 Dec 2017 15:41:55 GMT" time="21.393" errors="0">
  <testcase name="merge" time="21.393" classname="advanced.MergeLeads"/>
</testsuite> <!-- advanced.MergeLeads -->
