<?xml version="1.0" encoding="UTF-8"?>
<!-- Generated by org.testng.reporters.JUnitReportReporter -->
<testsuite hostname="5CG5043BD4" name="advanced.DuplicateLead" tests="1" failures="0" timestamp="3 Dec 2017 13:00:43 GMT" time="46.940" errors="0">
  <testcase name="duplicateLead" time="46.940" classname="advanced.DuplicateLead"/>
</testsuite> <!-- advanced.DuplicateLead -->
