<?xml version="1.0" encoding="UTF-8"?>
<!-- Generated by org.testng.reporters.JUnitReportReporter -->
<testsuite hostname="5CG5043BD4" name="testcases.DuplicateLead" tests="1" failures="0" timestamp="3 Dec 2017 08:40:57 GMT" time="39.653" errors="0">
  <testcase name="duplicateLead" time="39.653" classname="testcases.DuplicateLead"/>
</testsuite> <!-- testcases.DuplicateLead -->
