<?xml version="1.0" encoding="UTF-8"?>
<!-- Generated by org.testng.reporters.JUnitReportReporter -->
<testsuite hostname="5CG5043BD4" name="testcases.CreateLead" tests="1" failures="0" timestamp="17 Dec 2017 09:45:39 GMT" time="40.973" errors="0">
  <testcase name="createLead" time="40.973" classname="testcases.CreateLead"/>
</testsuite> <!-- testcases.CreateLead -->
